{
  "project": {
    "collapsibleState": 2,
    "label": "RACUST1.cbl",
    "children": [
      {
        "collapsibleState": 2,
        "label": "COBOL Test Data",
        "children": [
          {
            "collapsibleState": 2,
            "label": "MAINLINE_FIRST_SENTENCES",
            "children": [
              {
                "collapsibleState": 2,
                "label": "TEST ID: 1",
                "children": [
                  {
                    "collapsibleState": 0,
                    "label": "6 test values generated",
                    "children": [],
                    "iconPath": {
                      "id": "symbol-property"
                    },
                    "id": "RACUST1_MAINLINE_FIRST_SENTENCES-testdata_TEST ID: 1_6 test values generated",
                    "cobolFileUri": {
                      "$mid": 1,
                      "path": "/",
                      "scheme": "file"
                    },
                    "contextValue": "",
                    "tooltip": {
                      "value": ""
                    }
                  }
                ],
                "iconPath": {
                  "id": "symbol-variable"
                },
                "id": "RACUST1_MAINLINE_FIRST_SENTENCES-testdata_test_1_out",
                "cobolFileUri": {
                  "$mid": 1,
                  "fsPath": "c:\\Users\\Administrator\\Desktop\\WCA4Z-Data\\refactoredGenApp\\.validate\\RACUST1\\RACUST1.cbl",
                  "_sep": 1,
                  "path": "/c:/Users/Administrator/Desktop/WCA4Z-Data/refactoredGenApp/.validate/RACUST1/RACUST1.cbl",
                  "scheme": "file"
                },
                "contextValue": "_testItem",
                "tooltip": {
                  "value": ""
                },
                "alias": "FIRST_SENTENCES OF MAINLINE",
                "description": "JOB00588"
              },
              {
                "collapsibleState": 0,
                "label": "TEST ID: 2",
                "children": [],
                "iconPath": {
                  "id": "error",
                  "color": {
                    "id": "errorForeground"
                  }
                },
                "id": "RACUST1_MAINLINE_FIRST_SENTENCES-testdata_test_2_out",
                "cobolFileUri": {
                  "$mid": 1,
                  "fsPath": "c:\\Users\\Administrator\\Desktop\\WCA4Z-Data\\refactoredGenApp\\.validate\\RACUST1\\RACUST1.cbl",
                  "_sep": 1,
                  "path": "/c:/Users/Administrator/Desktop/WCA4Z-Data/refactoredGenApp/.validate/RACUST1/RACUST1.cbl",
                  "scheme": "file"
                },
                "contextValue": "_testItem",
                "tooltip": {
                  "value": ""
                },
                "alias": "FIRST_SENTENCES OF MAINLINE"
              },
              {
                "collapsibleState": 2,
                "label": "TEST ID: 3",
                "children": [
                  {
                    "collapsibleState": 0,
                    "label": "17 test values generated",
                    "children": [],
                    "iconPath": {
                      "id": "symbol-property"
                    },
                    "id": "RACUST1_MAINLINE_FIRST_SENTENCES-testdata_TEST ID: 3_17 test values generated",
                    "cobolFileUri": {
                      "$mid": 1,
                      "path": "/",
                      "scheme": "file"
                    },
                    "contextValue": "",
                    "tooltip": {
                      "value": ""
                    }
                  }
                ],
                "iconPath": {
                  "id": "symbol-variable"
                },
                "id": "RACUST1_MAINLINE_FIRST_SENTENCES-testdata_test_3_out",
                "cobolFileUri": {
                  "$mid": 1,
                  "fsPath": "c:\\Users\\Administrator\\Desktop\\WCA4Z-Data\\refactoredGenApp\\.validate\\RACUST1\\RACUST1.cbl",
                  "_sep": 1,
                  "path": "/c:/Users/Administrator/Desktop/WCA4Z-Data/refactoredGenApp/.validate/RACUST1/RACUST1.cbl",
                  "scheme": "file"
                },
                "contextValue": "_testItem",
                "tooltip": {
                  "value": ""
                },
                "alias": "FIRST_SENTENCES OF MAINLINE",
                "description": "JOB00589"
              },
              {
                "collapsibleState": 0,
                "label": "TEST ID: 4",
                "children": [],
                "iconPath": {
                  "id": "error",
                  "color": {
                    "id": "errorForeground"
                  }
                },
                "id": "RACUST1_MAINLINE_FIRST_SENTENCES-testdata_test_4_out",
                "cobolFileUri": {
                  "$mid": 1,
                  "fsPath": "c:\\Users\\Administrator\\Desktop\\WCA4Z-Data\\refactoredGenApp\\.validate\\RACUST1\\RACUST1.cbl",
                  "_sep": 1,
                  "path": "/c:/Users/Administrator/Desktop/WCA4Z-Data/refactoredGenApp/.validate/RACUST1/RACUST1.cbl",
                  "scheme": "file"
                },
                "contextValue": "_testItem",
                "tooltip": {
                  "value": ""
                },
                "alias": "FIRST_SENTENCES OF MAINLINE"
              }
            ],
            "iconPath": {
              "id": "symbol-enum",
              "color": {
                "id": "charts.foreground"
              }
            },
            "id": "RACUST1_MAINLINE_FIRST_SENTENCES",
            "cobolFileUri": {
              "$mid": 1,
              "fsPath": "c:\\Users\\Administrator\\Desktop\\WCA4Z-Data\\refactoredGenApp\\.validate\\RACUST1\\RACUST1.cbl",
              "_sep": 1,
              "path": "/c:/Users/Administrator/Desktop/WCA4Z-Data/refactoredGenApp/.validate/RACUST1/RACUST1.cbl",
              "scheme": "file"
            },
            "contextValue": "",
            "tooltip": {
              "value": ""
            },
            "description": "36 Outputs"
          },
          {
            "collapsibleState": 2,
            "label": "MAINLINE_INSERT-CUSTOMER",
            "children": [
              {
                "collapsibleState": 2,
                "label": "TEST ID: 1",
                "children": [
                  {
                    "collapsibleState": 0,
                    "label": "13 test values generated",
                    "children": [],
                    "iconPath": {
                      "id": "symbol-property"
                    },
                    "id": "RACUST1_MAINLINE_INSERT-CUSTOMER-testdata_TEST ID: 1_13 test values generated",
                    "cobolFileUri": {
                      "$mid": 1,
                      "path": "/",
                      "scheme": "file"
                    },
                    "contextValue": "",
                    "tooltip": {
                      "value": ""
                    }
                  }
                ],
                "iconPath": {
                  "id": "symbol-variable"
                },
                "id": "RACUST1_MAINLINE_INSERT-CUSTOMER-testdata_test_1_out",
                "cobolFileUri": {
                  "$mid": 1,
                  "fsPath": "c:\\Users\\Administrator\\Desktop\\WCA4Z-Data\\refactoredGenApp\\.validate\\RACUST1\\RACUST1.cbl",
                  "_sep": 1,
                  "path": "/c:/Users/Administrator/Desktop/WCA4Z-Data/refactoredGenApp/.validate/RACUST1/RACUST1.cbl",
                  "scheme": "file"
                },
                "contextValue": "_testItem",
                "tooltip": {
                  "value": ""
                },
                "alias": "INSERT-CUSTOMER OF MAINLINE",
                "description": "JOB00590"
              },
              {
                "collapsibleState": 2,
                "label": "TEST ID: 2",
                "children": [
                  {
                    "collapsibleState": 0,
                    "label": "12 test values generated",
                    "children": [],
                    "iconPath": {
                      "id": "symbol-property"
                    },
                    "id": "RACUST1_MAINLINE_INSERT-CUSTOMER-testdata_TEST ID: 2_12 test values generated",
                    "cobolFileUri": {
                      "$mid": 1,
                      "path": "/",
                      "scheme": "file"
                    },
                    "contextValue": "",
                    "tooltip": {
                      "value": ""
                    }
                  }
                ],
                "iconPath": {
                  "id": "symbol-variable"
                },
                "id": "RACUST1_MAINLINE_INSERT-CUSTOMER-testdata_test_2_out",
                "cobolFileUri": {
                  "$mid": 1,
                  "fsPath": "c:\\Users\\Administrator\\Desktop\\WCA4Z-Data\\refactoredGenApp\\.validate\\RACUST1\\RACUST1.cbl",
                  "_sep": 1,
                  "path": "/c:/Users/Administrator/Desktop/WCA4Z-Data/refactoredGenApp/.validate/RACUST1/RACUST1.cbl",
                  "scheme": "file"
                },
                "contextValue": "_testItem",
                "tooltip": {
                  "value": ""
                },
                "alias": "INSERT-CUSTOMER OF MAINLINE",
                "description": "JOB00591"
              },
              {
                "collapsibleState": 2,
                "label": "TEST ID: 3",
                "children": [
                  {
                    "collapsibleState": 0,
                    "label": "12 test values generated",
                    "children": [],
                    "iconPath": {
                      "id": "symbol-property"
                    },
                    "id": "RACUST1_MAINLINE_INSERT-CUSTOMER-testdata_TEST ID: 3_12 test values generated",
                    "cobolFileUri": {
                      "$mid": 1,
                      "path": "/",
                      "scheme": "file"
                    },
                    "contextValue": "",
                    "tooltip": {
                      "value": ""
                    }
                  }
                ],
                "iconPath": {
                  "id": "symbol-variable"
                },
                "id": "RACUST1_MAINLINE_INSERT-CUSTOMER-testdata_test_3_out",
                "cobolFileUri": {
                  "$mid": 1,
                  "fsPath": "c:\\Users\\Administrator\\Desktop\\WCA4Z-Data\\refactoredGenApp\\.validate\\RACUST1\\RACUST1.cbl",
                  "_sep": 1,
                  "path": "/c:/Users/Administrator/Desktop/WCA4Z-Data/refactoredGenApp/.validate/RACUST1/RACUST1.cbl",
                  "scheme": "file"
                },
                "contextValue": "_testItem",
                "tooltip": {
                  "value": ""
                },
                "alias": "INSERT-CUSTOMER OF MAINLINE",
                "description": "JOB00592"
              },
              {
                "collapsibleState": 2,
                "label": "TEST ID: 4",
                "children": [
                  {
                    "collapsibleState": 0,
                    "label": "14 test values generated",
                    "children": [],
                    "iconPath": {
                      "id": "symbol-property"
                    },
                    "id": "RACUST1_MAINLINE_INSERT-CUSTOMER-testdata_TEST ID: 4_14 test values generated",
                    "cobolFileUri": {
                      "$mid": 1,
                      "path": "/",
                      "scheme": "file"
                    },
                    "contextValue": "",
                    "tooltip": {
                      "value": ""
                    }
                  }
                ],
                "iconPath": {
                  "id": "symbol-variable"
                },
                "id": "RACUST1_MAINLINE_INSERT-CUSTOMER-testdata_test_4_out",
                "cobolFileUri": {
                  "$mid": 1,
                  "fsPath": "c:\\Users\\Administrator\\Desktop\\WCA4Z-Data\\refactoredGenApp\\.validate\\RACUST1\\RACUST1.cbl",
                  "_sep": 1,
                  "path": "/c:/Users/Administrator/Desktop/WCA4Z-Data/refactoredGenApp/.validate/RACUST1/RACUST1.cbl",
                  "scheme": "file"
                },
                "contextValue": "_testItem",
                "tooltip": {
                  "value": ""
                },
                "alias": "INSERT-CUSTOMER OF MAINLINE",
                "description": "JOB00593"
              }
            ],
            "iconPath": {
              "id": "symbol-enum",
              "color": {
                "id": "charts.foreground"
              }
            },
            "id": "RACUST1_MAINLINE_INSERT-CUSTOMER",
            "cobolFileUri": {
              "$mid": 1,
              "fsPath": "c:\\Users\\Administrator\\Desktop\\WCA4Z-Data\\refactoredGenApp\\.validate\\RACUST1\\RACUST1.cbl",
              "_sep": 1,
              "path": "/c:/Users/Administrator/Desktop/WCA4Z-Data/refactoredGenApp/.validate/RACUST1/RACUST1.cbl",
              "scheme": "file"
            },
            "contextValue": "",
            "tooltip": {
              "value": ""
            },
            "description": "51 Outputs"
          },
          {
            "collapsibleState": 2,
            "label": "MAINLINE_Obtain-CUSTOMER-Number",
            "children": [
              {
                "collapsibleState": 2,
                "label": "TEST ID: 1",
                "children": [
                  {
                    "collapsibleState": 0,
                    "label": "5 test values generated",
                    "children": [],
                    "iconPath": {
                      "id": "symbol-property"
                    },
                    "id": "RACUST1_MAINLINE_Obtain-CUSTOMER-Number-testdata_TEST ID: 1_5 test values generated",
                    "cobolFileUri": {
                      "$mid": 1,
                      "path": "/",
                      "scheme": "file"
                    },
                    "contextValue": "",
                    "tooltip": {
                      "value": ""
                    }
                  }
                ],
                "iconPath": {
                  "id": "symbol-variable"
                },
                "id": "RACUST1_MAINLINE_Obtain-CUSTOMER-Number-testdata_test_1_out",
                "cobolFileUri": {
                  "$mid": 1,
                  "fsPath": "c:\\Users\\Administrator\\Desktop\\WCA4Z-Data\\refactoredGenApp\\.validate\\RACUST1\\RACUST1.cbl",
                  "_sep": 1,
                  "path": "/c:/Users/Administrator/Desktop/WCA4Z-Data/refactoredGenApp/.validate/RACUST1/RACUST1.cbl",
                  "scheme": "file"
                },
                "contextValue": "_testItem",
                "tooltip": {
                  "value": ""
                },
                "alias": "Obtain-CUSTOMER-Number OF MAINLINE",
                "description": "JOB00594"
              },
              {
                "collapsibleState": 2,
                "label": "TEST ID: 2",
                "children": [
                  {
                    "collapsibleState": 0,
                    "label": "5 test values generated",
                    "children": [],
                    "iconPath": {
                      "id": "symbol-property"
                    },
                    "id": "RACUST1_MAINLINE_Obtain-CUSTOMER-Number-testdata_TEST ID: 2_5 test values generated",
                    "cobolFileUri": {
                      "$mid": 1,
                      "path": "/",
                      "scheme": "file"
                    },
                    "contextValue": "",
                    "tooltip": {
                      "value": ""
                    }
                  }
                ],
                "iconPath": {
                  "id": "symbol-variable"
                },
                "id": "RACUST1_MAINLINE_Obtain-CUSTOMER-Number-testdata_test_2_out",
                "cobolFileUri": {
                  "$mid": 1,
                  "fsPath": "c:\\Users\\Administrator\\Desktop\\WCA4Z-Data\\refactoredGenApp\\.validate\\RACUST1\\RACUST1.cbl",
                  "_sep": 1,
                  "path": "/c:/Users/Administrator/Desktop/WCA4Z-Data/refactoredGenApp/.validate/RACUST1/RACUST1.cbl",
                  "scheme": "file"
                },
                "contextValue": "_testItem",
                "tooltip": {
                  "value": ""
                },
                "alias": "Obtain-CUSTOMER-Number OF MAINLINE",
                "description": "JOB00595"
              }
            ],
            "iconPath": {
              "id": "symbol-enum",
              "color": {
                "id": "charts.foreground"
              }
            },
            "id": "RACUST1_MAINLINE_Obtain-CUSTOMER-Number",
            "cobolFileUri": {
              "$mid": 1,
              "fsPath": "c:\\Users\\Administrator\\Desktop\\WCA4Z-Data\\refactoredGenApp\\.validate\\RACUST1\\RACUST1.cbl",
              "_sep": 1,
              "path": "/c:/Users/Administrator/Desktop/WCA4Z-Data/refactoredGenApp/.validate/RACUST1/RACUST1.cbl",
              "scheme": "file"
            },
            "contextValue": "",
            "tooltip": {
              "value": ""
            },
            "description": "16 Outputs"
          },
          {
            "collapsibleState": 2,
            "label": "MAINLINE_WRITE-ERROR-MESSAGE",
            "children": [
              {
                "collapsibleState": 2,
                "label": "TEST ID: 1",
                "children": [
                  {
                    "collapsibleState": 0,
                    "label": "8 test values generated",
                    "children": [],
                    "iconPath": {
                      "id": "symbol-property"
                    },
                    "id": "RACUST1_MAINLINE_WRITE-ERROR-MESSAGE-testdata_TEST ID: 1_8 test values generated",
                    "cobolFileUri": {
                      "$mid": 1,
                      "path": "/",
                      "scheme": "file"
                    },
                    "contextValue": "",
                    "tooltip": {
                      "value": ""
                    }
                  }
                ],
                "iconPath": {
                  "id": "symbol-variable"
                },
                "id": "RACUST1_MAINLINE_WRITE-ERROR-MESSAGE-testdata_test_1_out",
                "cobolFileUri": {
                  "$mid": 1,
                  "fsPath": "c:\\Users\\Administrator\\Desktop\\WCA4Z-Data\\refactoredGenApp\\.validate\\RACUST1\\RACUST1.cbl",
                  "_sep": 1,
                  "path": "/c:/Users/Administrator/Desktop/WCA4Z-Data/refactoredGenApp/.validate/RACUST1/RACUST1.cbl",
                  "scheme": "file"
                },
                "contextValue": "_testItem",
                "tooltip": {
                  "value": ""
                },
                "alias": "WRITE-ERROR-MESSAGE OF MAINLINE",
                "description": "JOB00596"
              },
              {
                "collapsibleState": 2,
                "label": "TEST ID: 2",
                "children": [
                  {
                    "collapsibleState": 0,
                    "label": "11 test values generated",
                    "children": [],
                    "iconPath": {
                      "id": "symbol-property"
                    },
                    "id": "RACUST1_MAINLINE_WRITE-ERROR-MESSAGE-testdata_TEST ID: 2_11 test values generated",
                    "cobolFileUri": {
                      "$mid": 1,
                      "path": "/",
                      "scheme": "file"
                    },
                    "contextValue": "",
                    "tooltip": {
                      "value": ""
                    }
                  }
                ],
                "iconPath": {
                  "id": "symbol-variable"
                },
                "id": "RACUST1_MAINLINE_WRITE-ERROR-MESSAGE-testdata_test_2_out",
                "cobolFileUri": {
                  "$mid": 1,
                  "fsPath": "c:\\Users\\Administrator\\Desktop\\WCA4Z-Data\\refactoredGenApp\\.validate\\RACUST1\\RACUST1.cbl",
                  "_sep": 1,
                  "path": "/c:/Users/Administrator/Desktop/WCA4Z-Data/refactoredGenApp/.validate/RACUST1/RACUST1.cbl",
                  "scheme": "file"
                },
                "contextValue": "_testItem",
                "tooltip": {
                  "value": ""
                },
                "alias": "WRITE-ERROR-MESSAGE OF MAINLINE",
                "description": "JOB00597"
              },
              {
                "collapsibleState": 2,
                "label": "TEST ID: 3",
                "children": [
                  {
                    "collapsibleState": 0,
                    "label": "11 test values generated",
                    "children": [],
                    "iconPath": {
                      "id": "symbol-property"
                    },
                    "id": "RACUST1_MAINLINE_WRITE-ERROR-MESSAGE-testdata_TEST ID: 3_11 test values generated",
                    "cobolFileUri": {
                      "$mid": 1,
                      "path": "/",
                      "scheme": "file"
                    },
                    "contextValue": "",
                    "tooltip": {
                      "value": ""
                    }
                  }
                ],
                "iconPath": {
                  "id": "symbol-variable"
                },
                "id": "RACUST1_MAINLINE_WRITE-ERROR-MESSAGE-testdata_test_3_out",
                "cobolFileUri": {
                  "$mid": 1,
                  "fsPath": "c:\\Users\\Administrator\\Desktop\\WCA4Z-Data\\refactoredGenApp\\.validate\\RACUST1\\RACUST1.cbl",
                  "_sep": 1,
                  "path": "/c:/Users/Administrator/Desktop/WCA4Z-Data/refactoredGenApp/.validate/RACUST1/RACUST1.cbl",
                  "scheme": "file"
                },
                "contextValue": "_testItem",
                "tooltip": {
                  "value": ""
                },
                "alias": "WRITE-ERROR-MESSAGE OF MAINLINE",
                "description": "JOB00598"
              }
            ],
            "iconPath": {
              "id": "symbol-enum",
              "color": {
                "id": "charts.foreground"
              }
            },
            "id": "RACUST1_MAINLINE_WRITE-ERROR-MESSAGE",
            "cobolFileUri": {
              "$mid": 1,
              "fsPath": "c:\\Users\\Administrator\\Desktop\\WCA4Z-Data\\refactoredGenApp\\.validate\\RACUST1\\RACUST1.cbl",
              "_sep": 1,
              "path": "/c:/Users/Administrator/Desktop/WCA4Z-Data/refactoredGenApp/.validate/RACUST1/RACUST1.cbl",
              "scheme": "file"
            },
            "contextValue": "",
            "tooltip": {
              "value": ""
            },
            "description": "50 Outputs"
          }
        ],
        "iconPath": {
          "id": "symbol-numeric"
        },
        "id": "RACUST1_COBOL-TEST-DATA",
        "cobolFileUri": {
          "$mid": 1,
          "fsPath": "\\",
          "_sep": 1,
          "path": "/",
          "scheme": "file"
        },
        "contextValue": "",
        "tooltip": {
          "value": ""
        }
      },
      {
        "collapsibleState": 2,
        "label": "Java Test Results",
        "children": [
          {
            "collapsibleState": 2,
            "label": "Racust1.java",
            "children": [
              {
                "collapsibleState": 2,
                "label": "mainlineInsertCustomer",
                "children": [
                  {
                    "collapsibleState": 2,
                    "label": "Racust1 mainlineInsertCustomer 2",
                    "children": [
                      {
                        "collapsibleState": 0,
                        "label": "expected:<40048> but was:<-40048>",
                        "children": [],
                        "iconPath": {
                          "id": "primitive-dot"
                        },
                        "id": "com.ibm.wcaz.tests.Racust1$mainlineInsertCustomerTests-mainlineInsertCustomerTest_2-expected:<40048> but was:<-40048>",
                        "cobolFileUri": {
                          "$mid": 1,
                          "fsPath": "c:\\Users\\Administrator\\Desktop\\WCA4Z-Data\\refactoredGenApp\\RACUST\\cobol\\RACUST1.cbl",
                          "_sep": 1,
                          "path": "/C:/Users/Administrator/Desktop/WCA4Z-Data/refactoredGenApp/RACUST/cobol/RACUST1.cbl",
                          "scheme": "file"
                        },
                        "contextValue": "",
                        "tooltip": {
                          "value": "Test Failed"
                        },
                        "test": {
                          "class": "com.ibm.wcaz.tests.Racust1$mainlineInsertCustomerTests",
                          "method": "mainlineInsertCustomerTest_2",
                          "state": 3,
                          "message": "expected:<40048> but was:<-40048>",
                          "trace": "java.lang.AssertionError: expected:<40048> but was:<-40048>\r\n\tat org.junit.Assert.fail(Assert.java:89)\r\n\tat org.junit.Assert.failNotEquals(Assert.java:835)\r\n\tat org.junit.Assert.assertEquals(Assert.java:120)\r\n\tat org.junit.Assert.assertEquals(Assert.java:146)\r\n\tat com.ibm.wcaz.tests.Racust1$mainlineInsertCustomerTests.mainlineInsertCustomerTest_2(Racust1$mainlineInsertCustomerTests.java:264)\r\n\tat java.base/jdk.internal.reflect.NativeMethodAccessorImpl.invoke0(Native Method)\r\n\tat java.base/jdk.internal.reflect.NativeMethodAccessorImpl.invoke(NativeMethodAccessorImpl.java:77)\r\n\tat java.base/jdk.internal.reflect.DelegatingMethodAccessorImpl.invoke(DelegatingMethodAccessorImpl.java:43)\r\n\tat java.base/java.lang.reflect.Method.invoke(Method.java:574)\r\n\tat org.junit.internal.runners.TestMethod.invoke(TestMethod.java:68)\r\n\tat org.powermock.modules.junit4.internal.impl.PowerMockJUnit44RunnerDelegateImpl$PowerMockJUnit44MethodRunner.runTestMethod(PowerMockJUnit44RunnerDelegateImpl.java:326)\r\n\tat org.junit.internal.runners.MethodRoadie$2.run(MethodRoadie.java:89)\r\n\tat org.junit.internal.runners.MethodRoadie.runBeforesThenTestThenAfters(MethodRoadie.java:97)\r\n\tat org.powermock.modules.junit4.internal.impl.PowerMockJUnit44RunnerDelegateImpl$PowerMockJUnit44MethodRunner.executeTest(PowerMockJUnit44RunnerDelegateImpl.java:310)\r\n\tat org.powermock.modules.junit4.internal.impl.PowerMockJUnit47RunnerDelegateImpl$PowerMockJUnit47MethodRunner.executeTestInSuper(PowerMockJUnit47RunnerDelegateImpl.java:131)\r\n\tat org.powermock.modules.junit4.internal.impl.PowerMockJUnit47RunnerDelegateImpl$PowerMockJUnit47MethodRunner.access$100(PowerMockJUnit47RunnerDelegateImpl.java:59)\r\n\tat org.powermock.modules.junit4.internal.impl.PowerMockJUnit47RunnerDelegateImpl$PowerMockJUnit47MethodRunner$TestExecutorStatement.evaluate(PowerMockJUnit47RunnerDelegateImpl.java:147)\r\n\tat org.powermock.modules.junit4.internal.impl.PowerMockJUnit47RunnerDelegateImpl$PowerMockJUnit47MethodRunner.evaluateStatement(PowerMockJUnit47RunnerDelegateImpl.java:107)\r\n\tat org.powermock.modules.junit4.internal.impl.PowerMockJUnit47RunnerDelegateImpl$PowerMockJUnit47MethodRunner.executeTest(PowerMockJUnit47RunnerDelegateImpl.java:82)\r\n\tat org.powermock.modules.junit4.internal.impl.PowerMockJUnit44RunnerDelegateImpl$PowerMockJUnit44MethodRunner.runBeforesThenTestThenAfters(PowerMockJUnit44RunnerDelegateImpl.java:298)\r\n\tat org.junit.internal.runners.MethodRoadie.runTest(MethodRoadie.java:87)\r\n\tat org.junit.internal.runners.MethodRoadie.run(MethodRoadie.java:50)\r\n\tat org.powermock.modules.junit4.internal.impl.PowerMockJUnit44RunnerDelegateImpl.invokeTestMethod(PowerMockJUnit44RunnerDelegateImpl.java:218)\r\n\tat org.powermock.modules.junit4.internal.impl.PowerMockJUnit44RunnerDelegateImpl.runMethods(PowerMockJUnit44RunnerDelegateImpl.java:160)\r\n\tat org.powermock.modules.junit4.internal.impl.PowerMockJUnit44RunnerDelegateImpl$1.run(PowerMockJUnit44RunnerDelegateImpl.java:134)\r\n\tat org.junit.internal.runners.ClassRoadie.runUnprotected(ClassRoadie.java:34)\r\n\tat org.junit.internal.runners.ClassRoadie.runProtected(ClassRoadie.java:44)\r\n\tat org.powermock.modules.junit4.internal.impl.PowerMockJUnit44RunnerDelegateImpl.run(PowerMockJUnit44RunnerDelegateImpl.java:136)\r\n\tat org.powermock.modules.junit4.common.internal.impl.JUnit4TestSuiteChunkerImpl.run(JUnit4TestSuiteChunkerImpl.java:117)\r\n\tat org.powermock.modules.junit4.common.internal.impl.AbstractCommonPowerMockRunner.run(AbstractCommonPowerMockRunner.java:57)\r\n\tat org.powermock.modules.junit4.PowerMockRunner.run(PowerMockRunner.java:59)\r\n\tat org.junit.runners.Suite.runChild(Suite.java:128)\r\n\tat org.junit.runners.Suite.runChild(Suite.java:27)\r\n\tat org.junit.runners.ParentRunner$4.run(ParentRunner.java:331)\r\n\tat org.junit.runners.ParentRunner$1.schedule(ParentRunner.java:79)\r\n\tat org.junit.runners.ParentRunner.runChildren(ParentRunner.java:329)\r\n\tat org.junit.runners.ParentRunner.access$100(ParentRunner.java:66)\r\n\tat org.junit.runners.ParentRunner$2.evaluate(ParentRunner.java:293)\r\n\tat org.junit.runners.ParentRunner$3.evaluate(ParentRunner.java:306)\r\n\tat org.junit.runners.ParentRunner.run(ParentRunner.java:413)\r\n\tat org.junit.runner.JUnitCore.run(JUnitCore.java:137)\r\n\tat org.junit.runner.JUnitCore.run(JUnitCore.java:115)\r\n\tat org.junit.runner.JUnitCore.run(JUnitCore.java:105)\r\n\tat org.junit.runner.JUnitCore.run(JUnitCore.java:94)\r\n\tat com.ibm.wca4z.junit.CustomRunner.main(CustomRunner.java:207)\r\n"
                        },
                        "uri": {
                          "$mid": 1,
                          "fsPath": "c:\\Users\\Administrator\\Desktop\\WCA4Z-Data\\refactoredGenApp\\RACUST\\cobol\\RACUST1.cbl",
                          "_sep": 1,
                          "path": "/C:/Users/Administrator/Desktop/WCA4Z-Data/refactoredGenApp/RACUST/cobol/RACUST1.cbl",
                          "scheme": "file"
                        },
                        "accessibilityInformation": {
                          "role": "JavaTestItem",
                          "label": "but Test was:<-40048>: Test Failed"
                        }
                      }
                    ],
                    "iconPath": {
                      "id": "testing-failed-icon",
                      "color": {
                        "id": "charts.red"
                      }
                    },
                    "id": "com.ibm.wcaz.tests.Racust1$mainlineInsertCustomerTests-mainlineInsertCustomerTest_2-Racust1 mainlineInsertCustomer 2",
                    "cobolFileUri": {
                      "$mid": 1,
                      "fsPath": "c:\\Users\\Administrator\\Desktop\\WCA4Z-Data\\refactoredGenApp\\RACUST\\cobol\\RACUST1.cbl",
                      "_sep": 1,
                      "path": "/C:/Users/Administrator/Desktop/WCA4Z-Data/refactoredGenApp/RACUST/cobol/RACUST1.cbl",
                      "scheme": "file"
                    },
                    "contextValue": "",
                    "tooltip": {
                      "value": "Test Failed"
                    },
                    "test": {
                      "class": "com.ibm.wcaz.tests.Racust1$mainlineInsertCustomerTests",
                      "method": "mainlineInsertCustomerTest_2",
                      "state": 3,
                      "message": "expected:<40048> but was:<-40048>",
                      "trace": "java.lang.AssertionError: expected:<40048> but was:<-40048>\r\n\tat org.junit.Assert.fail(Assert.java:89)\r\n\tat org.junit.Assert.failNotEquals(Assert.java:835)\r\n\tat org.junit.Assert.assertEquals(Assert.java:120)\r\n\tat org.junit.Assert.assertEquals(Assert.java:146)\r\n\tat com.ibm.wcaz.tests.Racust1$mainlineInsertCustomerTests.mainlineInsertCustomerTest_2(Racust1$mainlineInsertCustomerTests.java:264)\r\n\tat java.base/jdk.internal.reflect.NativeMethodAccessorImpl.invoke0(Native Method)\r\n\tat java.base/jdk.internal.reflect.NativeMethodAccessorImpl.invoke(NativeMethodAccessorImpl.java:77)\r\n\tat java.base/jdk.internal.reflect.DelegatingMethodAccessorImpl.invoke(DelegatingMethodAccessorImpl.java:43)\r\n\tat java.base/java.lang.reflect.Method.invoke(Method.java:574)\r\n\tat org.junit.internal.runners.TestMethod.invoke(TestMethod.java:68)\r\n\tat org.powermock.modules.junit4.internal.impl.PowerMockJUnit44RunnerDelegateImpl$PowerMockJUnit44MethodRunner.runTestMethod(PowerMockJUnit44RunnerDelegateImpl.java:326)\r\n\tat org.junit.internal.runners.MethodRoadie$2.run(MethodRoadie.java:89)\r\n\tat org.junit.internal.runners.MethodRoadie.runBeforesThenTestThenAfters(MethodRoadie.java:97)\r\n\tat org.powermock.modules.junit4.internal.impl.PowerMockJUnit44RunnerDelegateImpl$PowerMockJUnit44MethodRunner.executeTest(PowerMockJUnit44RunnerDelegateImpl.java:310)\r\n\tat org.powermock.modules.junit4.internal.impl.PowerMockJUnit47RunnerDelegateImpl$PowerMockJUnit47MethodRunner.executeTestInSuper(PowerMockJUnit47RunnerDelegateImpl.java:131)\r\n\tat org.powermock.modules.junit4.internal.impl.PowerMockJUnit47RunnerDelegateImpl$PowerMockJUnit47MethodRunner.access$100(PowerMockJUnit47RunnerDelegateImpl.java:59)\r\n\tat org.powermock.modules.junit4.internal.impl.PowerMockJUnit47RunnerDelegateImpl$PowerMockJUnit47MethodRunner$TestExecutorStatement.evaluate(PowerMockJUnit47RunnerDelegateImpl.java:147)\r\n\tat org.powermock.modules.junit4.internal.impl.PowerMockJUnit47RunnerDelegateImpl$PowerMockJUnit47MethodRunner.evaluateStatement(PowerMockJUnit47RunnerDelegateImpl.java:107)\r\n\tat org.powermock.modules.junit4.internal.impl.PowerMockJUnit47RunnerDelegateImpl$PowerMockJUnit47MethodRunner.executeTest(PowerMockJUnit47RunnerDelegateImpl.java:82)\r\n\tat org.powermock.modules.junit4.internal.impl.PowerMockJUnit44RunnerDelegateImpl$PowerMockJUnit44MethodRunner.runBeforesThenTestThenAfters(PowerMockJUnit44RunnerDelegateImpl.java:298)\r\n\tat org.junit.internal.runners.MethodRoadie.runTest(MethodRoadie.java:87)\r\n\tat org.junit.internal.runners.MethodRoadie.run(MethodRoadie.java:50)\r\n\tat org.powermock.modules.junit4.internal.impl.PowerMockJUnit44RunnerDelegateImpl.invokeTestMethod(PowerMockJUnit44RunnerDelegateImpl.java:218)\r\n\tat org.powermock.modules.junit4.internal.impl.PowerMockJUnit44RunnerDelegateImpl.runMethods(PowerMockJUnit44RunnerDelegateImpl.java:160)\r\n\tat org.powermock.modules.junit4.internal.impl.PowerMockJUnit44RunnerDelegateImpl$1.run(PowerMockJUnit44RunnerDelegateImpl.java:134)\r\n\tat org.junit.internal.runners.ClassRoadie.runUnprotected(ClassRoadie.java:34)\r\n\tat org.junit.internal.runners.ClassRoadie.runProtected(ClassRoadie.java:44)\r\n\tat org.powermock.modules.junit4.internal.impl.PowerMockJUnit44RunnerDelegateImpl.run(PowerMockJUnit44RunnerDelegateImpl.java:136)\r\n\tat org.powermock.modules.junit4.common.internal.impl.JUnit4TestSuiteChunkerImpl.run(JUnit4TestSuiteChunkerImpl.java:117)\r\n\tat org.powermock.modules.junit4.common.internal.impl.AbstractCommonPowerMockRunner.run(AbstractCommonPowerMockRunner.java:57)\r\n\tat org.powermock.modules.junit4.PowerMockRunner.run(PowerMockRunner.java:59)\r\n\tat org.junit.runners.Suite.runChild(Suite.java:128)\r\n\tat org.junit.runners.Suite.runChild(Suite.java:27)\r\n\tat org.junit.runners.ParentRunner$4.run(ParentRunner.java:331)\r\n\tat org.junit.runners.ParentRunner$1.schedule(ParentRunner.java:79)\r\n\tat org.junit.runners.ParentRunner.runChildren(ParentRunner.java:329)\r\n\tat org.junit.runners.ParentRunner.access$100(ParentRunner.java:66)\r\n\tat org.junit.runners.ParentRunner$2.evaluate(ParentRunner.java:293)\r\n\tat org.junit.runners.ParentRunner$3.evaluate(ParentRunner.java:306)\r\n\tat org.junit.runners.ParentRunner.run(ParentRunner.java:413)\r\n\tat org.junit.runner.JUnitCore.run(JUnitCore.java:137)\r\n\tat org.junit.runner.JUnitCore.run(JUnitCore.java:115)\r\n\tat org.junit.runner.JUnitCore.run(JUnitCore.java:105)\r\n\tat org.junit.runner.JUnitCore.run(JUnitCore.java:94)\r\n\tat com.ibm.wca4z.junit.CustomRunner.main(CustomRunner.java:207)\r\n"
                    },
                    "uri": {
                      "$mid": 1,
                      "fsPath": "c:\\Users\\Administrator\\Desktop\\WCA4Z-Data\\refactoredGenApp\\RACUST\\cobol\\RACUST1.cbl",
                      "_sep": 1,
                      "path": "/C:/Users/Administrator/Desktop/WCA4Z-Data/refactoredGenApp/RACUST/cobol/RACUST1.cbl",
                      "scheme": "file"
                    },
                    "accessibilityInformation": {
                      "role": "JavaTestItem",
                      "label": "mainlineInsertCustomer Test 2: Test Failed"
                    }
                  },
                  {
                    "collapsibleState": 2,
                    "label": "Racust1 mainlineInsertCustomer 1",
                    "children": [
                      {
                        "collapsibleState": 0,
                        "label": "expected:<[xxxxxxxxxx]> but was:<[1969-12-31]>",
                        "children": [],
                        "iconPath": {
                          "id": "primitive-dot"
                        },
                        "id": "com.ibm.wcaz.tests.Racust1$mainlineInsertCustomerTests-mainlineInsertCustomerTest_1-expected:<[xxxxxxxxxx]> but was:<[1969-12-31]>",
                        "cobolFileUri": {
                          "$mid": 1,
                          "fsPath": "c:\\Users\\Administrator\\Desktop\\WCA4Z-Data\\refactoredGenApp\\RACUST\\cobol\\RACUST1.cbl",
                          "_sep": 1,
                          "path": "/C:/Users/Administrator/Desktop/WCA4Z-Data/refactoredGenApp/RACUST/cobol/RACUST1.cbl",
                          "scheme": "file"
                        },
                        "contextValue": "",
                        "tooltip": {
                          "value": "Test Failed"
                        },
                        "test": {
                          "class": "com.ibm.wcaz.tests.Racust1$mainlineInsertCustomerTests",
                          "method": "mainlineInsertCustomerTest_1",
                          "state": 3,
                          "message": "expected:<[xxxxxxxxxx]> but was:<[1969-12-31]>",
                          "trace": "org.junit.ComparisonFailure: expected:<[xxxxxxxxxx]> but was:<[1969-12-31]>\r\n\tat org.junit.Assert.assertEquals(Assert.java:117)\r\n\tat org.junit.Assert.assertEquals(Assert.java:146)\r\n\tat com.ibm.wcaz.tests.Racust1$mainlineInsertCustomerTests.mainlineInsertCustomerTest_1(Racust1$mainlineInsertCustomerTests.java:176)\r\n\tat java.base/jdk.internal.reflect.NativeMethodAccessorImpl.invoke0(Native Method)\r\n\tat java.base/jdk.internal.reflect.NativeMethodAccessorImpl.invoke(NativeMethodAccessorImpl.java:77)\r\n\tat java.base/jdk.internal.reflect.DelegatingMethodAccessorImpl.invoke(DelegatingMethodAccessorImpl.java:43)\r\n\tat java.base/java.lang.reflect.Method.invoke(Method.java:574)\r\n\tat org.junit.internal.runners.TestMethod.invoke(TestMethod.java:68)\r\n\tat org.powermock.modules.junit4.internal.impl.PowerMockJUnit44RunnerDelegateImpl$PowerMockJUnit44MethodRunner.runTestMethod(PowerMockJUnit44RunnerDelegateImpl.java:326)\r\n\tat org.junit.internal.runners.MethodRoadie$2.run(MethodRoadie.java:89)\r\n\tat org.junit.internal.runners.MethodRoadie.runBeforesThenTestThenAfters(MethodRoadie.java:97)\r\n\tat org.powermock.modules.junit4.internal.impl.PowerMockJUnit44RunnerDelegateImpl$PowerMockJUnit44MethodRunner.executeTest(PowerMockJUnit44RunnerDelegateImpl.java:310)\r\n\tat org.powermock.modules.junit4.internal.impl.PowerMockJUnit47RunnerDelegateImpl$PowerMockJUnit47MethodRunner.executeTestInSuper(PowerMockJUnit47RunnerDelegateImpl.java:131)\r\n\tat org.powermock.modules.junit4.internal.impl.PowerMockJUnit47RunnerDelegateImpl$PowerMockJUnit47MethodRunner.access$100(PowerMockJUnit47RunnerDelegateImpl.java:59)\r\n\tat org.powermock.modules.junit4.internal.impl.PowerMockJUnit47RunnerDelegateImpl$PowerMockJUnit47MethodRunner$TestExecutorStatement.evaluate(PowerMockJUnit47RunnerDelegateImpl.java:147)\r\n\tat org.powermock.modules.junit4.internal.impl.PowerMockJUnit47RunnerDelegateImpl$PowerMockJUnit47MethodRunner.evaluateStatement(PowerMockJUnit47RunnerDelegateImpl.java:107)\r\n\tat org.powermock.modules.junit4.internal.impl.PowerMockJUnit47RunnerDelegateImpl$PowerMockJUnit47MethodRunner.executeTest(PowerMockJUnit47RunnerDelegateImpl.java:82)\r\n\tat org.powermock.modules.junit4.internal.impl.PowerMockJUnit44RunnerDelegateImpl$PowerMockJUnit44MethodRunner.runBeforesThenTestThenAfters(PowerMockJUnit44RunnerDelegateImpl.java:298)\r\n\tat org.junit.internal.runners.MethodRoadie.runTest(MethodRoadie.java:87)\r\n\tat org.junit.internal.runners.MethodRoadie.run(MethodRoadie.java:50)\r\n\tat org.powermock.modules.junit4.internal.impl.PowerMockJUnit44RunnerDelegateImpl.invokeTestMethod(PowerMockJUnit44RunnerDelegateImpl.java:218)\r\n\tat org.powermock.modules.junit4.internal.impl.PowerMockJUnit44RunnerDelegateImpl.runMethods(PowerMockJUnit44RunnerDelegateImpl.java:160)\r\n\tat org.powermock.modules.junit4.internal.impl.PowerMockJUnit44RunnerDelegateImpl$1.run(PowerMockJUnit44RunnerDelegateImpl.java:134)\r\n\tat org.junit.internal.runners.ClassRoadie.runUnprotected(ClassRoadie.java:34)\r\n\tat org.junit.internal.runners.ClassRoadie.runProtected(ClassRoadie.java:44)\r\n\tat org.powermock.modules.junit4.internal.impl.PowerMockJUnit44RunnerDelegateImpl.run(PowerMockJUnit44RunnerDelegateImpl.java:136)\r\n\tat org.powermock.modules.junit4.common.internal.impl.JUnit4TestSuiteChunkerImpl.run(JUnit4TestSuiteChunkerImpl.java:117)\r\n\tat org.powermock.modules.junit4.common.internal.impl.AbstractCommonPowerMockRunner.run(AbstractCommonPowerMockRunner.java:57)\r\n\tat org.powermock.modules.junit4.PowerMockRunner.run(PowerMockRunner.java:59)\r\n\tat org.junit.runners.Suite.runChild(Suite.java:128)\r\n\tat org.junit.runners.Suite.runChild(Suite.java:27)\r\n\tat org.junit.runners.ParentRunner$4.run(ParentRunner.java:331)\r\n\tat org.junit.runners.ParentRunner$1.schedule(ParentRunner.java:79)\r\n\tat org.junit.runners.ParentRunner.runChildren(ParentRunner.java:329)\r\n\tat org.junit.runners.ParentRunner.access$100(ParentRunner.java:66)\r\n\tat org.junit.runners.ParentRunner$2.evaluate(ParentRunner.java:293)\r\n\tat org.junit.runners.ParentRunner$3.evaluate(ParentRunner.java:306)\r\n\tat org.junit.runners.ParentRunner.run(ParentRunner.java:413)\r\n\tat org.junit.runner.JUnitCore.run(JUnitCore.java:137)\r\n\tat org.junit.runner.JUnitCore.run(JUnitCore.java:115)\r\n\tat org.junit.runner.JUnitCore.run(JUnitCore.java:105)\r\n\tat org.junit.runner.JUnitCore.run(JUnitCore.java:94)\r\n\tat com.ibm.wca4z.junit.CustomRunner.main(CustomRunner.java:207)\r\n"
                        },
                        "uri": {
                          "$mid": 1,
                          "fsPath": "c:\\Users\\Administrator\\Desktop\\WCA4Z-Data\\refactoredGenApp\\RACUST\\cobol\\RACUST1.cbl",
                          "_sep": 1,
                          "path": "/C:/Users/Administrator/Desktop/WCA4Z-Data/refactoredGenApp/RACUST/cobol/RACUST1.cbl",
                          "scheme": "file"
                        },
                        "accessibilityInformation": {
                          "role": "JavaTestItem",
                          "label": "but Test was:<[1969-12-31]>: Test Failed"
                        }
                      }
                    ],
                    "iconPath": {
                      "id": "testing-failed-icon",
                      "color": {
                        "id": "charts.red"
                      }
                    },
                    "id": "com.ibm.wcaz.tests.Racust1$mainlineInsertCustomerTests-mainlineInsertCustomerTest_1-Racust1 mainlineInsertCustomer 1",
                    "cobolFileUri": {
                      "$mid": 1,
                      "fsPath": "c:\\Users\\Administrator\\Desktop\\WCA4Z-Data\\refactoredGenApp\\RACUST\\cobol\\RACUST1.cbl",
                      "_sep": 1,
                      "path": "/C:/Users/Administrator/Desktop/WCA4Z-Data/refactoredGenApp/RACUST/cobol/RACUST1.cbl",
                      "scheme": "file"
                    },
                    "contextValue": "",
                    "tooltip": {
                      "value": "Test Failed"
                    },
                    "test": {
                      "class": "com.ibm.wcaz.tests.Racust1$mainlineInsertCustomerTests",
                      "method": "mainlineInsertCustomerTest_1",
                      "state": 3,
                      "message": "expected:<[xxxxxxxxxx]> but was:<[1969-12-31]>",
                      "trace": "org.junit.ComparisonFailure: expected:<[xxxxxxxxxx]> but was:<[1969-12-31]>\r\n\tat org.junit.Assert.assertEquals(Assert.java:117)\r\n\tat org.junit.Assert.assertEquals(Assert.java:146)\r\n\tat com.ibm.wcaz.tests.Racust1$mainlineInsertCustomerTests.mainlineInsertCustomerTest_1(Racust1$mainlineInsertCustomerTests.java:176)\r\n\tat java.base/jdk.internal.reflect.NativeMethodAccessorImpl.invoke0(Native Method)\r\n\tat java.base/jdk.internal.reflect.NativeMethodAccessorImpl.invoke(NativeMethodAccessorImpl.java:77)\r\n\tat java.base/jdk.internal.reflect.DelegatingMethodAccessorImpl.invoke(DelegatingMethodAccessorImpl.java:43)\r\n\tat java.base/java.lang.reflect.Method.invoke(Method.java:574)\r\n\tat org.junit.internal.runners.TestMethod.invoke(TestMethod.java:68)\r\n\tat org.powermock.modules.junit4.internal.impl.PowerMockJUnit44RunnerDelegateImpl$PowerMockJUnit44MethodRunner.runTestMethod(PowerMockJUnit44RunnerDelegateImpl.java:326)\r\n\tat org.junit.internal.runners.MethodRoadie$2.run(MethodRoadie.java:89)\r\n\tat org.junit.internal.runners.MethodRoadie.runBeforesThenTestThenAfters(MethodRoadie.java:97)\r\n\tat org.powermock.modules.junit4.internal.impl.PowerMockJUnit44RunnerDelegateImpl$PowerMockJUnit44MethodRunner.executeTest(PowerMockJUnit44RunnerDelegateImpl.java:310)\r\n\tat org.powermock.modules.junit4.internal.impl.PowerMockJUnit47RunnerDelegateImpl$PowerMockJUnit47MethodRunner.executeTestInSuper(PowerMockJUnit47RunnerDelegateImpl.java:131)\r\n\tat org.powermock.modules.junit4.internal.impl.PowerMockJUnit47RunnerDelegateImpl$PowerMockJUnit47MethodRunner.access$100(PowerMockJUnit47RunnerDelegateImpl.java:59)\r\n\tat org.powermock.modules.junit4.internal.impl.PowerMockJUnit47RunnerDelegateImpl$PowerMockJUnit47MethodRunner$TestExecutorStatement.evaluate(PowerMockJUnit47RunnerDelegateImpl.java:147)\r\n\tat org.powermock.modules.junit4.internal.impl.PowerMockJUnit47RunnerDelegateImpl$PowerMockJUnit47MethodRunner.evaluateStatement(PowerMockJUnit47RunnerDelegateImpl.java:107)\r\n\tat org.powermock.modules.junit4.internal.impl.PowerMockJUnit47RunnerDelegateImpl$PowerMockJUnit47MethodRunner.executeTest(PowerMockJUnit47RunnerDelegateImpl.java:82)\r\n\tat org.powermock.modules.junit4.internal.impl.PowerMockJUnit44RunnerDelegateImpl$PowerMockJUnit44MethodRunner.runBeforesThenTestThenAfters(PowerMockJUnit44RunnerDelegateImpl.java:298)\r\n\tat org.junit.internal.runners.MethodRoadie.runTest(MethodRoadie.java:87)\r\n\tat org.junit.internal.runners.MethodRoadie.run(MethodRoadie.java:50)\r\n\tat org.powermock.modules.junit4.internal.impl.PowerMockJUnit44RunnerDelegateImpl.invokeTestMethod(PowerMockJUnit44RunnerDelegateImpl.java:218)\r\n\tat org.powermock.modules.junit4.internal.impl.PowerMockJUnit44RunnerDelegateImpl.runMethods(PowerMockJUnit44RunnerDelegateImpl.java:160)\r\n\tat org.powermock.modules.junit4.internal.impl.PowerMockJUnit44RunnerDelegateImpl$1.run(PowerMockJUnit44RunnerDelegateImpl.java:134)\r\n\tat org.junit.internal.runners.ClassRoadie.runUnprotected(ClassRoadie.java:34)\r\n\tat org.junit.internal.runners.ClassRoadie.runProtected(ClassRoadie.java:44)\r\n\tat org.powermock.modules.junit4.internal.impl.PowerMockJUnit44RunnerDelegateImpl.run(PowerMockJUnit44RunnerDelegateImpl.java:136)\r\n\tat org.powermock.modules.junit4.common.internal.impl.JUnit4TestSuiteChunkerImpl.run(JUnit4TestSuiteChunkerImpl.java:117)\r\n\tat org.powermock.modules.junit4.common.internal.impl.AbstractCommonPowerMockRunner.run(AbstractCommonPowerMockRunner.java:57)\r\n\tat org.powermock.modules.junit4.PowerMockRunner.run(PowerMockRunner.java:59)\r\n\tat org.junit.runners.Suite.runChild(Suite.java:128)\r\n\tat org.junit.runners.Suite.runChild(Suite.java:27)\r\n\tat org.junit.runners.ParentRunner$4.run(ParentRunner.java:331)\r\n\tat org.junit.runners.ParentRunner$1.schedule(ParentRunner.java:79)\r\n\tat org.junit.runners.ParentRunner.runChildren(ParentRunner.java:329)\r\n\tat org.junit.runners.ParentRunner.access$100(ParentRunner.java:66)\r\n\tat org.junit.runners.ParentRunner$2.evaluate(ParentRunner.java:293)\r\n\tat org.junit.runners.ParentRunner$3.evaluate(ParentRunner.java:306)\r\n\tat org.junit.runners.ParentRunner.run(ParentRunner.java:413)\r\n\tat org.junit.runner.JUnitCore.run(JUnitCore.java:137)\r\n\tat org.junit.runner.JUnitCore.run(JUnitCore.java:115)\r\n\tat org.junit.runner.JUnitCore.run(JUnitCore.java:105)\r\n\tat org.junit.runner.JUnitCore.run(JUnitCore.java:94)\r\n\tat com.ibm.wca4z.junit.CustomRunner.main(CustomRunner.java:207)\r\n"
                    },
                    "uri": {
                      "$mid": 1,
                      "fsPath": "c:\\Users\\Administrator\\Desktop\\WCA4Z-Data\\refactoredGenApp\\RACUST\\cobol\\RACUST1.cbl",
                      "_sep": 1,
                      "path": "/C:/Users/Administrator/Desktop/WCA4Z-Data/refactoredGenApp/RACUST/cobol/RACUST1.cbl",
                      "scheme": "file"
                    },
                    "accessibilityInformation": {
                      "role": "JavaTestItem",
                      "label": "mainlineInsertCustomer Test 1: Test Failed"
                    }
                  },
                  {
                    "collapsibleState": 0,
                    "label": "Racust1 mainlineInsertCustomer 4",
                    "children": [],
                    "iconPath": {
                      "id": "testing-passed-icon",
                      "color": {
                        "id": "charts.green"
                      }
                    },
                    "id": "com.ibm.wcaz.tests.Racust1$mainlineInsertCustomerTests-mainlineInsertCustomerTest_4-Racust1 mainlineInsertCustomer 4",
                    "cobolFileUri": {
                      "$mid": 1,
                      "fsPath": "c:\\Users\\Administrator\\Desktop\\WCA4Z-Data\\refactoredGenApp\\RACUST\\cobol\\RACUST1.cbl",
                      "_sep": 1,
                      "path": "/C:/Users/Administrator/Desktop/WCA4Z-Data/refactoredGenApp/RACUST/cobol/RACUST1.cbl",
                      "scheme": "file"
                    },
                    "contextValue": "",
                    "tooltip": {
                      "value": "Test Passed"
                    },
                    "test": {
                      "class": "com.ibm.wcaz.tests.Racust1$mainlineInsertCustomerTests",
                      "method": "mainlineInsertCustomerTest_4",
                      "state": 2
                    },
                    "uri": {
                      "$mid": 1,
                      "fsPath": "c:\\Users\\Administrator\\Desktop\\WCA4Z-Data\\refactoredGenApp\\RACUST\\cobol\\RACUST1.cbl",
                      "_sep": 1,
                      "path": "/C:/Users/Administrator/Desktop/WCA4Z-Data/refactoredGenApp/RACUST/cobol/RACUST1.cbl",
                      "scheme": "file"
                    },
                    "accessibilityInformation": {
                      "role": "JavaTestItem",
                      "label": "mainlineInsertCustomer Test 4: Test Passed"
                    }
                  },
                  {
                    "collapsibleState": 2,
                    "label": "Racust1 mainlineInsertCustomer 3",
                    "children": [
                      {
                        "collapsibleState": 0,
                        "label": "expected:<469798767> but was:<1>",
                        "children": [],
                        "iconPath": {
                          "id": "primitive-dot"
                        },
                        "id": "com.ibm.wcaz.tests.Racust1$mainlineInsertCustomerTests-mainlineInsertCustomerTest_3-expected:<469798767> but was:<1>",
                        "cobolFileUri": {
                          "$mid": 1,
                          "fsPath": "c:\\Users\\Administrator\\Desktop\\WCA4Z-Data\\refactoredGenApp\\RACUST\\cobol\\RACUST1.cbl",
                          "_sep": 1,
                          "path": "/C:/Users/Administrator/Desktop/WCA4Z-Data/refactoredGenApp/RACUST/cobol/RACUST1.cbl",
                          "scheme": "file"
                        },
                        "contextValue": "",
                        "tooltip": {
                          "value": "Test Failed"
                        },
                        "test": {
                          "class": "com.ibm.wcaz.tests.Racust1$mainlineInsertCustomerTests",
                          "method": "mainlineInsertCustomerTest_3",
                          "state": 3,
                          "message": "expected:<469798767> but was:<1>",
                          "trace": "java.lang.AssertionError: expected:<469798767> but was:<1>\r\n\tat org.junit.Assert.fail(Assert.java:89)\r\n\tat org.junit.Assert.failNotEquals(Assert.java:835)\r\n\tat org.junit.Assert.assertEquals(Assert.java:120)\r\n\tat org.junit.Assert.assertEquals(Assert.java:146)\r\n\tat com.ibm.wcaz.tests.Racust1$mainlineInsertCustomerTests.mainlineInsertCustomerTest_3(Racust1$mainlineInsertCustomerTests.java:368)\r\n\tat java.base/jdk.internal.reflect.NativeMethodAccessorImpl.invoke0(Native Method)\r\n\tat java.base/jdk.internal.reflect.NativeMethodAccessorImpl.invoke(NativeMethodAccessorImpl.java:77)\r\n\tat java.base/jdk.internal.reflect.DelegatingMethodAccessorImpl.invoke(DelegatingMethodAccessorImpl.java:43)\r\n\tat java.base/java.lang.reflect.Method.invoke(Method.java:574)\r\n\tat org.junit.internal.runners.TestMethod.invoke(TestMethod.java:68)\r\n\tat org.powermock.modules.junit4.internal.impl.PowerMockJUnit44RunnerDelegateImpl$PowerMockJUnit44MethodRunner.runTestMethod(PowerMockJUnit44RunnerDelegateImpl.java:326)\r\n\tat org.junit.internal.runners.MethodRoadie$2.run(MethodRoadie.java:89)\r\n\tat org.junit.internal.runners.MethodRoadie.runBeforesThenTestThenAfters(MethodRoadie.java:97)\r\n\tat org.powermock.modules.junit4.internal.impl.PowerMockJUnit44RunnerDelegateImpl$PowerMockJUnit44MethodRunner.executeTest(PowerMockJUnit44RunnerDelegateImpl.java:310)\r\n\tat org.powermock.modules.junit4.internal.impl.PowerMockJUnit47RunnerDelegateImpl$PowerMockJUnit47MethodRunner.executeTestInSuper(PowerMockJUnit47RunnerDelegateImpl.java:131)\r\n\tat org.powermock.modules.junit4.internal.impl.PowerMockJUnit47RunnerDelegateImpl$PowerMockJUnit47MethodRunner.access$100(PowerMockJUnit47RunnerDelegateImpl.java:59)\r\n\tat org.powermock.modules.junit4.internal.impl.PowerMockJUnit47RunnerDelegateImpl$PowerMockJUnit47MethodRunner$TestExecutorStatement.evaluate(PowerMockJUnit47RunnerDelegateImpl.java:147)\r\n\tat org.powermock.modules.junit4.internal.impl.PowerMockJUnit47RunnerDelegateImpl$PowerMockJUnit47MethodRunner.evaluateStatement(PowerMockJUnit47RunnerDelegateImpl.java:107)\r\n\tat org.powermock.modules.junit4.internal.impl.PowerMockJUnit47RunnerDelegateImpl$PowerMockJUnit47MethodRunner.executeTest(PowerMockJUnit47RunnerDelegateImpl.java:82)\r\n\tat org.powermock.modules.junit4.internal.impl.PowerMockJUnit44RunnerDelegateImpl$PowerMockJUnit44MethodRunner.runBeforesThenTestThenAfters(PowerMockJUnit44RunnerDelegateImpl.java:298)\r\n\tat org.junit.internal.runners.MethodRoadie.runTest(MethodRoadie.java:87)\r\n\tat org.junit.internal.runners.MethodRoadie.run(MethodRoadie.java:50)\r\n\tat org.powermock.modules.junit4.internal.impl.PowerMockJUnit44RunnerDelegateImpl.invokeTestMethod(PowerMockJUnit44RunnerDelegateImpl.java:218)\r\n\tat org.powermock.modules.junit4.internal.impl.PowerMockJUnit44RunnerDelegateImpl.runMethods(PowerMockJUnit44RunnerDelegateImpl.java:160)\r\n\tat org.powermock.modules.junit4.internal.impl.PowerMockJUnit44RunnerDelegateImpl$1.run(PowerMockJUnit44RunnerDelegateImpl.java:134)\r\n\tat org.junit.internal.runners.ClassRoadie.runUnprotected(ClassRoadie.java:34)\r\n\tat org.junit.internal.runners.ClassRoadie.runProtected(ClassRoadie.java:44)\r\n\tat org.powermock.modules.junit4.internal.impl.PowerMockJUnit44RunnerDelegateImpl.run(PowerMockJUnit44RunnerDelegateImpl.java:136)\r\n\tat org.powermock.modules.junit4.common.internal.impl.JUnit4TestSuiteChunkerImpl.run(JUnit4TestSuiteChunkerImpl.java:117)\r\n\tat org.powermock.modules.junit4.common.internal.impl.AbstractCommonPowerMockRunner.run(AbstractCommonPowerMockRunner.java:57)\r\n\tat org.powermock.modules.junit4.PowerMockRunner.run(PowerMockRunner.java:59)\r\n\tat org.junit.runners.Suite.runChild(Suite.java:128)\r\n\tat org.junit.runners.Suite.runChild(Suite.java:27)\r\n\tat org.junit.runners.ParentRunner$4.run(ParentRunner.java:331)\r\n\tat org.junit.runners.ParentRunner$1.schedule(ParentRunner.java:79)\r\n\tat org.junit.runners.ParentRunner.runChildren(ParentRunner.java:329)\r\n\tat org.junit.runners.ParentRunner.access$100(ParentRunner.java:66)\r\n\tat org.junit.runners.ParentRunner$2.evaluate(ParentRunner.java:293)\r\n\tat org.junit.runners.ParentRunner$3.evaluate(ParentRunner.java:306)\r\n\tat org.junit.runners.ParentRunner.run(ParentRunner.java:413)\r\n\tat org.junit.runner.JUnitCore.run(JUnitCore.java:137)\r\n\tat org.junit.runner.JUnitCore.run(JUnitCore.java:115)\r\n\tat org.junit.runner.JUnitCore.run(JUnitCore.java:105)\r\n\tat org.junit.runner.JUnitCore.run(JUnitCore.java:94)\r\n\tat com.ibm.wca4z.junit.CustomRunner.main(CustomRunner.java:207)\r\n"
                        },
                        "uri": {
                          "$mid": 1,
                          "fsPath": "c:\\Users\\Administrator\\Desktop\\WCA4Z-Data\\refactoredGenApp\\RACUST\\cobol\\RACUST1.cbl",
                          "_sep": 1,
                          "path": "/C:/Users/Administrator/Desktop/WCA4Z-Data/refactoredGenApp/RACUST/cobol/RACUST1.cbl",
                          "scheme": "file"
                        },
                        "accessibilityInformation": {
                          "role": "JavaTestItem",
                          "label": "but Test was:<1>: Test Failed"
                        }
                      }
                    ],
                    "iconPath": {
                      "id": "testing-failed-icon",
                      "color": {
                        "id": "charts.red"
                      }
                    },
                    "id": "com.ibm.wcaz.tests.Racust1$mainlineInsertCustomerTests-mainlineInsertCustomerTest_3-Racust1 mainlineInsertCustomer 3",
                    "cobolFileUri": {
                      "$mid": 1,
                      "fsPath": "c:\\Users\\Administrator\\Desktop\\WCA4Z-Data\\refactoredGenApp\\RACUST\\cobol\\RACUST1.cbl",
                      "_sep": 1,
                      "path": "/C:/Users/Administrator/Desktop/WCA4Z-Data/refactoredGenApp/RACUST/cobol/RACUST1.cbl",
                      "scheme": "file"
                    },
                    "contextValue": "",
                    "tooltip": {
                      "value": "Test Failed"
                    },
                    "test": {
                      "class": "com.ibm.wcaz.tests.Racust1$mainlineInsertCustomerTests",
                      "method": "mainlineInsertCustomerTest_3",
                      "state": 3,
                      "message": "expected:<469798767> but was:<1>",
                      "trace": "java.lang.AssertionError: expected:<469798767> but was:<1>\r\n\tat org.junit.Assert.fail(Assert.java:89)\r\n\tat org.junit.Assert.failNotEquals(Assert.java:835)\r\n\tat org.junit.Assert.assertEquals(Assert.java:120)\r\n\tat org.junit.Assert.assertEquals(Assert.java:146)\r\n\tat com.ibm.wcaz.tests.Racust1$mainlineInsertCustomerTests.mainlineInsertCustomerTest_3(Racust1$mainlineInsertCustomerTests.java:368)\r\n\tat java.base/jdk.internal.reflect.NativeMethodAccessorImpl.invoke0(Native Method)\r\n\tat java.base/jdk.internal.reflect.NativeMethodAccessorImpl.invoke(NativeMethodAccessorImpl.java:77)\r\n\tat java.base/jdk.internal.reflect.DelegatingMethodAccessorImpl.invoke(DelegatingMethodAccessorImpl.java:43)\r\n\tat java.base/java.lang.reflect.Method.invoke(Method.java:574)\r\n\tat org.junit.internal.runners.TestMethod.invoke(TestMethod.java:68)\r\n\tat org.powermock.modules.junit4.internal.impl.PowerMockJUnit44RunnerDelegateImpl$PowerMockJUnit44MethodRunner.runTestMethod(PowerMockJUnit44RunnerDelegateImpl.java:326)\r\n\tat org.junit.internal.runners.MethodRoadie$2.run(MethodRoadie.java:89)\r\n\tat org.junit.internal.runners.MethodRoadie.runBeforesThenTestThenAfters(MethodRoadie.java:97)\r\n\tat org.powermock.modules.junit4.internal.impl.PowerMockJUnit44RunnerDelegateImpl$PowerMockJUnit44MethodRunner.executeTest(PowerMockJUnit44RunnerDelegateImpl.java:310)\r\n\tat org.powermock.modules.junit4.internal.impl.PowerMockJUnit47RunnerDelegateImpl$PowerMockJUnit47MethodRunner.executeTestInSuper(PowerMockJUnit47RunnerDelegateImpl.java:131)\r\n\tat org.powermock.modules.junit4.internal.impl.PowerMockJUnit47RunnerDelegateImpl$PowerMockJUnit47MethodRunner.access$100(PowerMockJUnit47RunnerDelegateImpl.java:59)\r\n\tat org.powermock.modules.junit4.internal.impl.PowerMockJUnit47RunnerDelegateImpl$PowerMockJUnit47MethodRunner$TestExecutorStatement.evaluate(PowerMockJUnit47RunnerDelegateImpl.java:147)\r\n\tat org.powermock.modules.junit4.internal.impl.PowerMockJUnit47RunnerDelegateImpl$PowerMockJUnit47MethodRunner.evaluateStatement(PowerMockJUnit47RunnerDelegateImpl.java:107)\r\n\tat org.powermock.modules.junit4.internal.impl.PowerMockJUnit47RunnerDelegateImpl$PowerMockJUnit47MethodRunner.executeTest(PowerMockJUnit47RunnerDelegateImpl.java:82)\r\n\tat org.powermock.modules.junit4.internal.impl.PowerMockJUnit44RunnerDelegateImpl$PowerMockJUnit44MethodRunner.runBeforesThenTestThenAfters(PowerMockJUnit44RunnerDelegateImpl.java:298)\r\n\tat org.junit.internal.runners.MethodRoadie.runTest(MethodRoadie.java:87)\r\n\tat org.junit.internal.runners.MethodRoadie.run(MethodRoadie.java:50)\r\n\tat org.powermock.modules.junit4.internal.impl.PowerMockJUnit44RunnerDelegateImpl.invokeTestMethod(PowerMockJUnit44RunnerDelegateImpl.java:218)\r\n\tat org.powermock.modules.junit4.internal.impl.PowerMockJUnit44RunnerDelegateImpl.runMethods(PowerMockJUnit44RunnerDelegateImpl.java:160)\r\n\tat org.powermock.modules.junit4.internal.impl.PowerMockJUnit44RunnerDelegateImpl$1.run(PowerMockJUnit44RunnerDelegateImpl.java:134)\r\n\tat org.junit.internal.runners.ClassRoadie.runUnprotected(ClassRoadie.java:34)\r\n\tat org.junit.internal.runners.ClassRoadie.runProtected(ClassRoadie.java:44)\r\n\tat org.powermock.modules.junit4.internal.impl.PowerMockJUnit44RunnerDelegateImpl.run(PowerMockJUnit44RunnerDelegateImpl.java:136)\r\n\tat org.powermock.modules.junit4.common.internal.impl.JUnit4TestSuiteChunkerImpl.run(JUnit4TestSuiteChunkerImpl.java:117)\r\n\tat org.powermock.modules.junit4.common.internal.impl.AbstractCommonPowerMockRunner.run(AbstractCommonPowerMockRunner.java:57)\r\n\tat org.powermock.modules.junit4.PowerMockRunner.run(PowerMockRunner.java:59)\r\n\tat org.junit.runners.Suite.runChild(Suite.java:128)\r\n\tat org.junit.runners.Suite.runChild(Suite.java:27)\r\n\tat org.junit.runners.ParentRunner$4.run(ParentRunner.java:331)\r\n\tat org.junit.runners.ParentRunner$1.schedule(ParentRunner.java:79)\r\n\tat org.junit.runners.ParentRunner.runChildren(ParentRunner.java:329)\r\n\tat org.junit.runners.ParentRunner.access$100(ParentRunner.java:66)\r\n\tat org.junit.runners.ParentRunner$2.evaluate(ParentRunner.java:293)\r\n\tat org.junit.runners.ParentRunner$3.evaluate(ParentRunner.java:306)\r\n\tat org.junit.runners.ParentRunner.run(ParentRunner.java:413)\r\n\tat org.junit.runner.JUnitCore.run(JUnitCore.java:137)\r\n\tat org.junit.runner.JUnitCore.run(JUnitCore.java:115)\r\n\tat org.junit.runner.JUnitCore.run(JUnitCore.java:105)\r\n\tat org.junit.runner.JUnitCore.run(JUnitCore.java:94)\r\n\tat com.ibm.wca4z.junit.CustomRunner.main(CustomRunner.java:207)\r\n"
                    },
                    "uri": {
                      "$mid": 1,
                      "fsPath": "c:\\Users\\Administrator\\Desktop\\WCA4Z-Data\\refactoredGenApp\\RACUST\\cobol\\RACUST1.cbl",
                      "_sep": 1,
                      "path": "/C:/Users/Administrator/Desktop/WCA4Z-Data/refactoredGenApp/RACUST/cobol/RACUST1.cbl",
                      "scheme": "file"
                    },
                    "accessibilityInformation": {
                      "role": "JavaTestItem",
                      "label": "mainlineInsertCustomer Test 3: Test Failed"
                    }
                  }
                ],
                "iconPath": {
                  "id": "extensions-warning-message",
                  "color": {
                    "id": "charts.yellow"
                  }
                },
                "id": "mainlineInsertCustomer",
                "cobolFileUri": {
                  "$mid": 1,
                  "fsPath": "\\",
                  "_sep": 1,
                  "path": "/",
                  "scheme": "file"
                },
                "contextValue": "javaFileTestReady",
                "tooltip": {
                  "value": ""
                },
                "className": "Racust1",
                "projectName": "RACUST1",
                "description": "1/4 PASSED"
              }
            ],
            "iconPath": {
              "id": "file"
            },
            "id": "Racust1.java",
            "cobolFileUri": {
              "$mid": 1,
              "fsPath": "\\",
              "_sep": 1,
              "path": "/",
              "scheme": "file"
            },
            "contextValue": "javaFileExists",
            "tooltip": {
              "value": ""
            },
            "uri": {
              "$mid": 1,
              "fsPath": "c:\\Users\\Administrator\\Desktop\\WCA4Z-Data\\refactoredGenApp\\java\\com\\ibm\\wcaz\\implementation\\Racust1.java",
              "_sep": 1,
              "external": "file:///c%3A/Users/Administrator/Desktop/WCA4Z-Data/refactoredGenApp/java/com/ibm/wcaz/implementation/Racust1.java",
              "path": "/c:/Users/Administrator/Desktop/WCA4Z-Data/refactoredGenApp/java/com/ibm/wcaz/implementation/Racust1.java",
              "scheme": "file"
            },
            "resourceUri": {
              "$mid": 1,
              "fsPath": "c:\\Users\\Administrator\\Desktop\\WCA4Z-Data\\refactoredGenApp\\java\\com\\ibm\\wcaz\\implementation\\Racust1.java",
              "_sep": 1,
              "external": "file:///c%3A/Users/Administrator/Desktop/WCA4Z-Data/refactoredGenApp/java/com/ibm/wcaz/implementation/Racust1.java",
              "path": "/c:/Users/Administrator/Desktop/WCA4Z-Data/refactoredGenApp/java/com/ibm/wcaz/implementation/Racust1.java",
              "scheme": "file"
            }
          }
        ],
        "iconPath": {
          "id": "tasklist"
        },
        "id": "RACUST1_JAVA-TEST-RESULTS",
        "cobolFileUri": {
          "$mid": 1,
          "fsPath": "\\",
          "_sep": 1,
          "path": "/",
          "scheme": "file"
        },
        "contextValue": "javaFileExists",
        "tooltip": {
          "value": ""
        },
        "uri": {
          "$mid": 1,
          "path": "/",
          "scheme": "file"
        },
        "resourceUri": {
          "$mid": 1,
          "path": "/",
          "scheme": "file"
        }
      }
    ],
    "iconPath": {
      "id": "list-flat"
    },
    "id": "RACUST1.cbl",
    "cobolFileUri": {
      "$mid": 1,
      "fsPath": "c:\\Users\\Administrator\\Desktop\\WCA4Z-Data\\refactoredGenApp\\RACUST\\cobol\\RACUST1.cbl",
      "_sep": 1,
      "path": "/C:/Users/Administrator/Desktop/WCA4Z-Data/refactoredGenApp/RACUST/cobol/RACUST1.cbl",
      "scheme": "file"
    },
    "contextValue": "_cobolItem_createdInputs",
    "tooltip": {
      "value": ""
    }
  }
}